# JRE version: OpenJDK Runtime Environment (8.0_222-b10) (build 1.8.0_222-8u222-b10-1ubuntu1~18.04.1-b10)
# Java VM: OpenJDK 64-Bit Server VM (25.222-b10 mixed mode linux-amd64 compressed oops)
Heap:
 PSYoungGen      total 276480K, used 10432K [0x00000000e0000000, 0x00000000f1e00000, 0x0000000100000000)
  eden space 260096K, 0% used [0x00000000e0000000,0x00000000e0000000,0x00000000efe00000)
  from space 16384K, 63% used [0x00000000f0e00000,0x00000000f1830308,0x00000000f1e00000)
  to   space 15360K, 0% used [0x00000000efe00000,0x00000000efe00000,0x00000000f0d00000)
 ParOldGen       total 143360K, used 35054K [0x00000000a0000000, 0x00000000a8c00000, 0x00000000e0000000)
  object space 143360K, 24% used [0x00000000a0000000,0x00000000a223bad0,0x00000000a8c00000)
 Metaspace       used 72872K, capacity 81235K, committed 81280K, reserved 1120256K
  class space    used 9840K, capacity 10344K, committed 10368K, reserved 1048576K
GC Heap History (10 events):
Event: 22.103 GC heap after
Heap after GC invocations=18 (full 3):
 PSYoungGen      total 197632K, used 11379K [0x00000000e0000000, 0x00000000f1c00000, 0x0000000100000000)
  eden space 182272K, 0% used [0x00000000e0000000,0x00000000e0000000,0x00000000eb200000)
  from space 15360K, 74% used [0x00000000eb200000,0x00000000ebd1ce58,0x00000000ec100000)
  to   space 15360K, 0% used [0x00000000f0d00000,0x00000000f0d00000,0x00000000f1c00000)
 ParOldGen       total 143360K, used 31243K [0x00000000a0000000, 0x00000000a8c00000, 0x00000000e0000000)
  object space 143360K, 21% used [0x00000000a0000000,0x00000000a1e82dd8,0x00000000a8c00000)
 Metaspace       used 68134K, capacity 75617K, committed 75776K, reserved 1116160K
  class space    used 9221K, capacity 9682K, committed 9728K, reserved 1048576K
}
Event: 24.147 GC heap before
{Heap before GC invocations=19 (full 3):
 PSYoungGen      total 197632K, used 64725K [0x00000000e0000000, 0x00000000f1c00000, 0x0000000100000000)
  eden space 182272K, 29% used [0x00000000e0000000,0x00000000e34188a8,0x00000000eb200000)
  from space 15360K, 74% used [0x00000000eb200000,0x00000000ebd1ce58,0x00000000ec100000)
  to   space 15360K, 0% used [0x00000000f0d00000,0x00000000f0d00000,0x00000000f1c00000)
 ParOldGen       total 143360K, used 31243K [0x00000000a0000000, 0x00000000a8c00000, 0x00000000e0000000)
  object space 143360K, 21% used [0x00000000a0000000,0x00000000a1e82dd8,0x00000000a8c00000)
 Metaspace       used 71825K, capacity 79839K, committed 79872K, reserved 1118208K
  class space    used 9729K, capacity 10224K, committed 10240K, reserved 1048576K
Event: 24.188 GC heap after
Heap after GC invocations=19 (full 3):
 PSYoungGen      total 275456K, used 7119K [0x00000000e0000000, 0x00000000f1c00000, 0x0000000100000000)
  eden space 260096K, 0% used [0x00000000e0000000,0x00000000e0000000,0x00000000efe00000)
  from space 15360K, 46% used [0x00000000f0d00000,0x00000000f13f3fe8,0x00000000f1c00000)
  to   space 15360K, 0% used [0x00000000efe00000,0x00000000efe00000,0x00000000f0d00000)
 ParOldGen       total 143360K, used 33189K [0x00000000a0000000, 0x00000000a8c00000, 0x00000000e0000000)
  object space 143360K, 23% used [0x00000000a0000000,0x00000000a2069440,0x00000000a8c00000)
 Metaspace       used 71825K, capacity 79839K, committed 79872K, reserved 1118208K
  class space    used 9729K, capacity 10224K, committed 10240K, reserved 1048576K
}
Event: 24.189 GC heap before
{Heap before GC invocations=20 (full 4):
 PSYoungGen      total 275456K, used 7119K [0x00000000e0000000, 0x00000000f1c00000, 0x0000000100000000)
  eden space 260096K, 0% used [0x00000000e0000000,0x00000000e0000000,0x00000000efe00000)
  from space 15360K, 46% used [0x00000000f0d00000,0x00000000f13f3fe8,0x00000000f1c00000)
  to   space 15360K, 0% used [0x00000000efe00000,0x00000000efe00000,0x00000000f0d00000)
 ParOldGen       total 143360K, used 33189K [0x00000000a0000000, 0x00000000a8c00000, 0x00000000e0000000)
  object space 143360K, 23% used [0x00000000a0000000,0x00000000a2069440,0x00000000a8c00000)
 Metaspace       used 71825K, capacity 79839K, committed 79872K, reserved 1118208K
  class space    used 9729K, capacity 10224K, committed 10240K, reserved 1048576K
Event: 24.689 GC heap after
Heap after GC invocations=20 (full 4):
 PSYoungGen      total 275456K, used 0K [0x00000000e0000000, 0x00000000f1c00000, 0x0000000100000000)
  eden space 260096K, 0% used [0x00000000e0000000,0x00000000e0000000,0x00000000efe00000)
  from space 15360K, 0% used [0x00000000f0d00000,0x00000000f0d00000,0x00000000f1c00000)
  to   space 15360K, 0% used [0x00000000efe00000,0x00000000efe00000,0x00000000f0d00000)
 ParOldGen       total 143360K, used 37134K [0x00000000a0000000, 0x00000000a8c00000, 0x00000000e0000000)
  object space 143360K, 25% used [0x00000000a0000000,0x00000000a2443a48,0x00000000a8c00000)
 Metaspace       used 71737K, capacity 79675K, committed 79872K, reserved 1118208K
  class space    used 9699K, capacity 10187K, committed 10240K, reserved 1048576K
}
Event: 24.772 GC heap before
{Heap before GC invocations=21 (full 4):
 PSYoungGen      total 275456K, used 4903K [0x00000000e0000000, 0x00000000f1c00000, 0x0000000100000000)
  eden space 260096K, 1% used [0x00000000e0000000,0x00000000e04c9fd0,0x00000000efe00000)
  from space 15360K, 0% used [0x00000000f0d00000,0x00000000f0d00000,0x00000000f1c00000)
  to   space 15360K, 0% used [0x00000000efe00000,0x00000000efe00000,0x00000000f0d00000)
 ParOldGen       total 143360K, used 37134K [0x00000000a0000000, 0x00000000a8c00000, 0x00000000e0000000)
  object space 143360K, 25% used [0x00000000a0000000,0x00000000a2443a48,0x00000000a8c00000)
 Metaspace       used 71739K, capacity 79675K, committed 79872K, reserved 1118208K
  class space    used 9700K, capacity 10187K, committed 10240K, reserved 1048576K
Event: 24.780 GC heap after
Heap after GC invocations=21 (full 4):
 PSYoungGen      total 275456K, used 64K [0x00000000e0000000, 0x00000000f1e00000, 0x0000000100000000)
  eden space 260096K, 0% used [0x00000000e0000000,0x00000000e0000000,0x00000000efe00000)
  from space 15360K, 0% used [0x00000000efe00000,0x00000000efe10000,0x00000000f0d00000)
  to   space 16384K, 0% used [0x00000000f0e00000,0x00000000f0e00000,0x00000000f1e00000)
 ParOldGen       total 143360K, used 37134K [0x00000000a0000000, 0x00000000a8c00000, 0x00000000e0000000)
  object space 143360K, 25% used [0x00000000a0000000,0x00000000a2443a48,0x00000000a8c00000)
 Metaspace       used 71739K, capacity 79675K, committed 79872K, reserved 1118208K
  class space    used 9700K, capacity 10187K, committed 10240K, reserved 1048576K
}
Event: 24.780 GC heap before
{Heap before GC invocations=22 (full 5):
 PSYoungGen      total 275456K, used 64K [0x00000000e0000000, 0x00000000f1e00000, 0x0000000100000000)
  eden space 260096K, 0% used [0x00000000e0000000,0x00000000e0000000,0x00000000efe00000)
  from space 15360K, 0% used [0x00000000efe00000,0x00000000efe10000,0x00000000f0d00000)
  to   space 16384K, 0% used [0x00000000f0e00000,0x00000000f0e00000,0x00000000f1e00000)
 ParOldGen       total 143360K, used 37134K [0x00000000a0000000, 0x00000000a8c00000, 0x00000000e0000000)
  object space 143360K, 25% used [0x00000000a0000000,0x00000000a2443a48,0x00000000a8c00000)
 Metaspace       used 71739K, capacity 79675K, committed 79872K, reserved 1118208K
  class space    used 9700K, capacity 10187K, committed 10240K, reserved 1048576K
Event: 25.157 GC heap after
Heap after GC invocations=22 (full 5):
 PSYoungGen      total 275456K, used 0K [0x00000000e0000000, 0x00000000f1e00000, 0x0000000100000000)
  eden space 260096K, 0% used [0x00000000e0000000,0x00000000e0000000,0x00000000efe00000)
  from space 15360K, 0% used [0x00000000efe00000,0x00000000efe00000,0x00000000f0d00000)
  to   space 16384K, 0% used [0x00000000f0e00000,0x00000000f0e00000,0x00000000f1e00000)
 ParOldGen       total 143360K, used 35054K [0x00000000a0000000, 0x00000000a8c00000, 0x00000000e0000000)
  object space 143360K, 24% used [0x00000000a0000000,0x00000000a223bad0,0x00000000a8c00000)
 Metaspace       used 71739K, capacity 79675K, committed 79872K, reserved 1118208K
  class space    used 9700K, capacity 10187K, committed 10240K, reserved 1048576K
}
Event: 650.177 GC heap before
{Heap before GC invocations=23 (full 5):
 PSYoungGen      total 275456K, used 260096K [0x00000000e0000000, 0x00000000f1e00000, 0x0000000100000000)
  eden space 260096K, 100% used [0x00000000e0000000,0x00000000efe00000,0x00000000efe00000)
  from space 15360K, 0% used [0x00000000efe00000,0x00000000efe00000,0x00000000f0d00000)
  to   space 16384K, 0% used [0x00000000f0e00000,0x00000000f0e00000,0x00000000f1e00000)
 ParOldGen       total 143360K, used 35054K [0x00000000a0000000, 0x00000000a8c00000, 0x00000000e0000000)
  object space 143360K, 24% used [0x00000000a0000000,0x00000000a223bad0,0x00000000a8c00000)
 Metaspace       used 72872K, capacity 81235K, committed 81280K, reserved 1120256K
  class space    used 9840K, capacity 10344K, committed 10368K, reserved 1048576K

